<?xml version="1.0" encoding="UTF-8"?>
<robot generator="Robot 4.1 (Python 3.8.8 on win32)" generated="20211029 22:17:57.076" rpa="false" schemaversion="2">
<suite id="s1" name="Tests" source="C:\Users\user\Documents\13.1-Assgnmt\Tests">
<suite id="s1-s1" name="Testcase" source="C:\Users\user\Documents\13.1-Assgnmt\Tests\testcase.robot">
<test id="s1-s1-t1" name="Observe user is able to test sanity flow">
<kw name="Given User Launch browser for flipkart" library="common">
<kw name="Open Browser" library="SeleniumLibrary">
<arg>${url}</arg>
<arg>${brwrs}</arg>
<doc>Opens a new browser instance to the optional ``url``.</doc>
<msg timestamp="20211029 22:17:57.501" level="INFO">Opening browser 'gc' to base url 'https://www.flipkart.com/'.</msg>
<status status="PASS" starttime="20211029 22:17:57.501" endtime="20211029 22:18:04.142"/>
</kw>
<kw name="Maximize Browser Window" library="SeleniumLibrary">
<doc>Maximizes current browser window.</doc>
<status status="PASS" starttime="20211029 22:18:04.143" endtime="20211029 22:18:04.150"/>
</kw>
<status status="PASS" starttime="20211029 22:17:57.501" endtime="20211029 22:18:04.150"/>
</kw>
<kw name="Then User enters login credentials" library="common">
<kw name="Set Selenium Speed" library="SeleniumLibrary">
<arg>1s</arg>
<doc>Sets the delay that is waited after each Selenium command.</doc>
<status status="PASS" starttime="20211029 22:18:04.152" endtime="20211029 22:18:04.152"/>
</kw>
<kw name="Input Text" library="SeleniumLibrary">
<arg>${login_No}</arg>
<arg>9535560951</arg>
<doc>Types the given ``text`` into the text field identified by ``locator``.</doc>
<msg timestamp="20211029 22:18:04.153" level="INFO">Typing text '9535560951' into text field 'Xpath=/html/body/div[2]/div/div/div/div/div[2]/div/form/div[1]/input'.</msg>
<status status="PASS" starttime="20211029 22:18:04.152" endtime="20211029 22:18:07.378"/>
</kw>
<kw name="Input Password" library="SeleniumLibrary">
<arg>${login_password}</arg>
<arg>monishri</arg>
<doc>Types the given password into the text field identified by ``locator``.</doc>
<msg timestamp="20211029 22:18:07.378" level="INFO">Typing password into text field 'Xpath=/html/body/div[2]/div/div/div/div/div[2]/div/form/div[2]/input'.</msg>
<msg timestamp="20211029 22:18:09.451" level="INFO">Temporally setting log level to: NONE</msg>
<msg timestamp="20211029 22:18:10.563" level="INFO">Log level changed from NONE to INFO.</msg>
<status status="PASS" starttime="20211029 22:18:07.378" endtime="20211029 22:18:10.563"/>
</kw>
<kw name="Click Button" library="SeleniumLibrary">
<arg>${click_login}</arg>
<doc>Clicks the button identified by ``locator``.</doc>
<msg timestamp="20211029 22:18:10.564" level="INFO">Clicking button 'Xpath=/html/body/div[2]/div/div/div/div/div[2]/div/form/div[4]/button'.</msg>
<status status="PASS" starttime="20211029 22:18:10.563" endtime="20211029 22:18:15.744"/>
</kw>
<status status="PASS" starttime="20211029 22:18:04.151" endtime="20211029 22:18:15.744"/>
</kw>
<kw name="And Terminate browser" library="common" type="TEARDOWN">
<kw name="Close Browser" library="SeleniumLibrary">
<doc>Closes the current browser.</doc>
<status status="PASS" starttime="20211029 22:18:15.746" endtime="20211029 22:18:19.132"/>
</kw>
<status status="PASS" starttime="20211029 22:18:15.745" endtime="20211029 22:18:19.133"/>
</kw>
<tag>sanity</tag>
<status status="PASS" starttime="20211029 22:17:57.499" endtime="20211029 22:18:19.134"/>
</test>
<status status="PASS" starttime="20211029 22:17:57.130" endtime="20211029 22:18:19.141"/>
</suite>
<status status="PASS" starttime="20211029 22:17:57.081" endtime="20211029 22:18:19.152"/>
</suite>
<statistics>
<total>
<stat pass="1" fail="0" skip="0">All Tests</stat>
</total>
<tag>
<stat pass="1" fail="0" skip="0">sanity</stat>
</tag>
<suite>
<stat pass="1" fail="0" skip="0" id="s1" name="Tests">Tests</stat>
<stat pass="1" fail="0" skip="0" id="s1-s1" name="Testcase">Tests.Testcase</stat>
</suite>
</statistics>
<errors>
</errors>
</robot>
